<?xml version="1.0" encoding="UTF-8"?>
<testsuite xmlns:xsi="http://www.w3.org/2001/XMLSchema-instance" xsi:noNamespaceSchemaLocation="https://maven.apache.org/surefire/maven-surefire-plugin/xsd/surefire-test-report.xsd" name="com.temquare.base.service.LabelServiceTest" time="0.163" tests="2" errors="0" skipped="0" failures="0">
  <properties>
[...]
</properties>
  <testcase name="findId" classname="com.temquare.base.service.LabelServiceTest" time="0.006"/>
  <testcase name="findAll" classname="com.temquare.base.service.LabelServiceTest" time="0"/>
</testsuite>